<?xml version="1.0" encoding="UTF-8"?>
<testsuite xmlns:xsi="http://www.w3.org/2001/XMLSchema-instance" xsi:noNamespaceSchemaLocation="https://maven.apache.org/surefire/maven-surefire-plugin/xsd/surefire-test-report-3.0.xsd" version="3.0" name="com.mycompany.chatapppart1.MessageTest" time="0.4" tests="9" errors="0" skipped="0" failures="0">
  <properties>
[...]
</properties>
  <testcase name="testRecipientNumberInvalid" classname="com.mycompany.chatapppart1.MessageTest" time="0.118"/>
  <testcase name="testMessageIdCreated" classname="com.mycompany.chatapppart1.MessageTest" time="0.011"/>
  <testcase name="testSentMessageDisregardChosen" classname="com.mycompany.chatapppart1.MessageTest" time="0.011"/>
  <testcase name="testMessageLengthInvalid" classname="com.mycompany.chatapppart1.MessageTest" time="0.013"/>
  <testcase name="testMessageLengthValid" classname="com.mycompany.chatapppart1.MessageTest" time="0.008"/>
  <testcase name="testSentMessageStoreChosen" classname="com.mycompany.chatapppart1.MessageTest" time="0.023"/>
  <testcase name="testRecipientNumberValid" classname="com.mycompany.chatapppart1.MessageTest" time="0.01"/>
  <testcase name="testMessageHashCorrect" classname="com.mycompany.chatapppart1.MessageTest" time="0.006"/>
  <testcase name="testSentMessageSendChosen" classname="com.mycompany.chatapppart1.MessageTest" time="0.007"/>
</testsuite>