<?xml version="1.0" encoding="UTF-8"?>
<testsuite xmlns:xsi="http://www.w3.org/2001/XMLSchema-instance" xsi:noNamespaceSchemaLocation="https://maven.apache.org/surefire/maven-surefire-plugin/xsd/surefire-test-report-3.0.xsd" version="3.0" name="com.mycompany.chatapppart1.MessageTest" time="0.274" tests="15" errors="0" skipped="0" failures="0">
  <properties>
[...]
</properties>
  <testcase name="testRecipientNumberInvalid" classname="com.mycompany.chatapppart1.MessageTest" time="0.158"/>
  <testcase name="testMessageIdCreated" classname="com.mycompany.chatapppart1.MessageTest" time="0.006"/>
  <testcase name="testDisplayReport_containsRequiredFields" classname="com.mycompany.chatapppart1.MessageTest" time="0.002"/>
  <testcase name="testSentMessagesArray_correctlyPopulated" classname="com.mycompany.chatapppart1.MessageTest" time="0.002"/>
  <testcase name="testSentMessageDisregardChosen" classname="com.mycompany.chatapppart1.MessageTest" time="0.004"/>
  <testcase name="testDeleteByHash_removesCorrectMessage" classname="com.mycompany.chatapppart1.MessageTest" time="0.011"/>
  <testcase name="testSearchByMessageID_returnsCorrectMessage" classname="com.mycompany.chatapppart1.MessageTest" time="0.007"/>
  <testcase name="testMessageLengthInvalid" classname="com.mycompany.chatapppart1.MessageTest" time="0.006"/>
  <testcase name="testMessageLengthValid" classname="com.mycompany.chatapppart1.MessageTest" time="0.002"/>
  <testcase name="testSearchByRecipient_returnsAllMatchingMessages" classname="com.mycompany.chatapppart1.MessageTest" time="0.003"/>
  <testcase name="testSentMessageStoreChosen" classname="com.mycompany.chatapppart1.MessageTest" time="0.016"/>
  <testcase name="testRecipientNumberValid" classname="com.mycompany.chatapppart1.MessageTest" time="0.004"/>
  <testcase name="testMessageHashCorrect" classname="com.mycompany.chatapppart1.MessageTest" time="0.003"/>
  <testcase name="testSentMessageSendChosen" classname="com.mycompany.chatapppart1.MessageTest" time="0.006"/>
  <testcase name="testDisplayLongestMessage_returnsCorrectMessage" classname="com.mycompany.chatapppart1.MessageTest" time="0.003"/>
</testsuite>